Log file open, 10/03/20 17:45:51
LogInit: Display: Running engine for game: AIEWEEK8
LogPlatformFile: Not using cached read wrapper
LogTaskGraph: Started task graph with 5 named threads and 20 total threads with 3 sets of task threads.
LogStats: Stats thread started at 0.160764
LogD3D11RHI: Loaded GFSDK_Aftermath_Lib.x64.dll
LogICUInternationalization: ICU TimeZone Detection - Raw Offset: +8:00, Platform Override: ''
LogPluginManager: Mounting plugin Paper2D
LogPluginManager: Mounting plugin AISupport
LogPluginManager: Mounting plugin LightPropagationVolume
LogPluginManager: Mounting plugin CameraShakePreviewer
LogPluginManager: Mounting plugin ActorLayerUtilities
LogPluginManager: Mounting plugin AnimationSharing
LogPluginManager: Mounting plugin CLionSourceCodeAccess
LogPluginManager: Mounting plugin CodeLiteSourceCodeAccess
LogPluginManager: Mounting plugin GitSourceControl
LogPluginManager: Mounting plugin KDevelopSourceCodeAccess
LogPluginManager: Mounting plugin NullSourceCodeAccess
LogPluginManager: Mounting plugin PerforceSourceControl
LogPluginManager: Mounting plugin PlasticSourceControl
LogPluginManager: Mounting plugin RiderSourceCodeAccess
LogPluginManager: Mounting plugin SubversionSourceControl
LogPluginManager: Mounting plugin UObjectPlugin
LogPluginManager: Mounting plugin VisualStudioCodeSourceCodeAccess
LogPluginManager: Mounting plugin VisualStudioSourceCodeAccess
LogPluginManager: Mounting plugin XCodeSourceCodeAccess
LogPluginManager: Mounting plugin AssetManagerEditor
LogPluginManager: Mounting plugin CryptoKeys
LogPluginManager: Mounting plugin CurveEditorTools
LogPluginManager: Mounting plugin DataValidation
LogPluginManager: Mounting plugin EditorScriptingUtilities
LogPluginManager: Mounting plugin FacialAnimation
LogPluginManager: Mounting plugin GameplayTagsEditor
LogPluginManager: Mounting plugin GeometryMode
LogPluginManager: Mounting plugin MacGraphicsSwitching
LogPluginManager: Mounting plugin MaterialAnalyzer
LogPluginManager: Mounting plugin MobileLauncherProfileWizard
LogPluginManager: Mounting plugin PluginBrowser
LogPluginManager: Mounting plugin SpeedTreeImporter
LogPluginManager: Mounting plugin DatasmithContent
LogPluginManager: Mounting plugin VariantManagerContent
LogPluginManager: Mounting plugin AlembicImporter
LogPluginManager: Mounting plugin AutomationUtils
LogPluginManager: Mounting plugin BackChannel
LogPluginManager: Mounting plugin ChaosCloth
LogPluginManager: Mounting plugin ChaosClothEditor
LogPluginManager: Mounting plugin ChaosEditor
LogPluginManager: Mounting plugin ChaosNiagara
LogPluginManager: Mounting plugin ChaosSolverPlugin
LogPluginManager: Mounting plugin CharacterAI
LogPluginManager: Mounting plugin GeometryCache
LogPluginManager: Mounting plugin GeometryCollectionPlugin
LogPluginManager: Mounting plugin GeometryProcessing
LogPluginManager: Mounting plugin PlanarCut
LogPluginManager: Mounting plugin PlatformCrypto
LogPluginManager: Mounting plugin ProxyLODPlugin
LogPluginManager: Mounting plugin SkeletalReduction
LogPluginManager: Mounting plugin Niagara
LogPluginManager: Mounting plugin MagicLeap
LogPluginManager: Mounting plugin MagicLeapLightEstimation
LogPluginManager: Mounting plugin MagicLeapMedia
LogPluginManager: Mounting plugin MagicLeapPassableWorld
LogPluginManager: Mounting plugin MLSDK
LogPluginManager: Mounting plugin AndroidMedia
LogPluginManager: Mounting plugin AvfMedia
LogPluginManager: Mounting plugin ImgMedia
LogPluginManager: Mounting plugin MediaCompositing
LogPluginManager: Mounting plugin MediaPlayerEditor
LogPluginManager: Mounting plugin WebMMedia
LogPluginManager: Mounting plugin WmfMedia
LogPluginManager: Mounting plugin MeshPainting
LogPluginManager: Mounting plugin TcpMessaging
LogPluginManager: Mounting plugin UdpMessaging
LogPluginManager: Mounting plugin ActorSequence
LogPluginManager: Mounting plugin LevelSequenceEditor
LogPluginManager: Mounting plugin MatineeToLevelSequence
LogPluginManager: Mounting plugin MovieRenderPipeline
LogPluginManager: Mounting plugin TemplateSequence
LogPluginManager: Mounting plugin NetcodeUnitTest
LogPluginManager: Mounting plugin NUTUnrealEngine4
LogPluginManager: Mounting plugin OnlineSubsystemGooglePlay
LogPluginManager: Mounting plugin OnlineSubsystemIOS
LogPluginManager: Mounting plugin OnlineSubsystem
LogPluginManager: Mounting plugin OnlineSubsystemNull
LogPluginManager: Mounting plugin OnlineSubsystemUtils
LogPluginManager: Mounting plugin LauncherChunkInstaller
LogPluginManager: Mounting plugin AndroidDeviceProfileSelector
LogPluginManager: Mounting plugin AndroidMoviePlayer
LogPluginManager: Mounting plugin AndroidPermission
LogPluginManager: Mounting plugin AppleImageUtils
LogPluginManager: Mounting plugin AppleMoviePlayer
LogPluginManager: Mounting plugin ArchVisCharacter
LogPluginManager: Mounting plugin AssetTags
LogPluginManager: Mounting plugin AudioCapture
LogPluginManager: Mounting plugin CableComponent
LogPluginManager: Mounting plugin CustomMeshComponent
LogPluginManager: Mounting plugin EditableMesh
LogPluginManager: Mounting plugin ExampleDeviceProfileSelector
LogPluginManager: Mounting plugin GoogleCloudMessaging
LogPluginManager: Mounting plugin GooglePAD
LogPluginManager: Mounting plugin IOSDeviceProfileSelector
LogPluginManager: Mounting plugin LinuxDeviceProfileSelector
LogPluginManager: Mounting plugin LocationServicesBPLibrary
LogPluginManager: Mounting plugin MobilePatchingUtils
LogPluginManager: Mounting plugin OculusVR
LogPluginManager: Mounting plugin PhysXVehicles
LogPluginManager: Mounting plugin PostSplashScreen
LogPluginManager: Mounting plugin ProceduralMeshComponent
LogPluginManager: Mounting plugin RuntimePhysXCooking
LogPluginManager: Mounting plugin SignificanceManager
LogPluginManager: Mounting plugin SoundFields
LogPluginManager: Mounting plugin SteamVR
LogPluginManager: Mounting plugin Synthesis
LogPluginManager: Mounting plugin WebMMoviePlayer
LogPluginManager: Mounting plugin WindowsMoviePlayer
LogPluginManager: Mounting plugin ScreenshotTools
LogInit: Using libcurl 7.55.1-DEV
LogInit:  - built for x86_64-pc-win32
LogInit:  - supports SSL with OpenSSL/1.1.1
LogInit:  - supports HTTP deflate (compression) using libz 1.2.8
LogInit:  - other features:
LogInit:      CURL_VERSION_SSL
LogInit:      CURL_VERSION_LIBZ
LogInit:      CURL_VERSION_IPV6
LogInit:      CURL_VERSION_ASYNCHDNS
LogInit:      CURL_VERSION_LARGEFILE
LogInit:      CURL_VERSION_IDN
LogInit:  CurlRequestOptions (configurable via config and command line):
LogInit:  - bVerifyPeer = true  - Libcurl will verify peer certificate
LogInit:  - bUseHttpProxy = false  - Libcurl will NOT use HTTP proxy
LogInit:  - bDontReuseConnections = false  - Libcurl will reuse connections
LogInit:  - MaxHostConnections = 16  - Libcurl will limit the number of connections to a host
LogInit:  - LocalHostAddr = Default
LogInit:  - BufferSize = 65536
LogOnline: OSS: Creating online subsystem instance for: NULL
LogInit: WinSock: version 1.1 (2.2), MaxSocks=32767, MaxUdp=65467
LogOnline: OSS: TryLoadSubsystemAndSetDefault: Loaded subsystem for module [NULL]
LogInit: Build: ++UE4+Release-4.25-CL-13942748
LogInit: Engine Version: 4.25.3-13942748+++UE4+Release-4.25
LogInit: Compatible Engine Version: 4.25.0-13144385+++UE4+Release-4.25
LogInit: Net CL: 13144385
LogInit: OS: Windows 10 (Release 1909) (), CPU: Intel(R) Core(TM) i5-9400 CPU @ 2.90GHz, GPU: NVIDIA GeForce GTX 1050 Ti
LogInit: Compiled (64-bit): Jul 25 2020 02:07:48
LogInit: Compiled with Visual C++: 19.24.28315.00
LogInit: Build Configuration: Development
LogInit: Branch Name: ++UE4+Release-4.25
LogInit: Command Line: 
LogInit: Base Directory: C:/Program Files/Epic Games/UE_4.25/Engine/Binaries/Win64/
LogInit: Allocator: TBB
LogInit: Installed Engine Build: 1
LogDevObjectVersion: Number of dev versions registered: 26
LogDevObjectVersion:   Dev-Blueprints (B0D832E4-1F89-4F0D-ACCF-7EB736FD4AA2): 10
LogDevObjectVersion:   Dev-Build (E1C64328-A22C-4D53-A36C-8E866417BD8C): 0
LogDevObjectVersion:   Dev-Core (375EC13C-06E4-48FB-B500-84F0262A717E): 4
LogDevObjectVersion:   Dev-Editor (E4B068ED-F494-42E9-A231-DA0B2E46BB41): 38
LogDevObjectVersion:   Dev-Framework (CFFC743F-43B0-4480-9391-14DF171D2073): 37
LogDevObjectVersion:   Dev-Mobile (B02B49B5-BB20-44E9-A304-32B752E40360): 2
LogDevObjectVersion:   Dev-Networking (A4E4105C-59A1-49B5-A7C5-40C4547EDFEE): 0
LogDevObjectVersion:   Dev-Online (39C831C9-5AE6-47DC-9A44-9C173E1C8E7C): 0
LogDevObjectVersion:   Dev-Physics (78F01B33-EBEA-4F98-B9B4-84EACCB95AA2): 4
LogDevObjectVersion:   Dev-Platform (6631380F-2D4D-43E0-8009-CF276956A95A): 0
LogDevObjectVersion:   Dev-Rendering (12F88B9F-8875-4AFC-A67C-D90C383ABD29): 43
LogDevObjectVersion:   Dev-Sequencer (7B5AE74C-D270-4C10-A958-57980B212A5A): 12
LogDevObjectVersion:   Dev-VR (D7296918-1DD6-4BDD-9DE2-64A83CC13884): 3
LogDevObjectVersion:   Dev-LoadTimes (C2A15278-BFE7-4AFE-6C17-90FF531DF755): 1
LogDevObjectVersion:   Private-Geometry (6EACA3D4-40EC-4CC1-B786-8BED09428FC5): 3
LogDevObjectVersion:   Dev-AnimPhys (29E575DD-E0A3-4627-9D10-D276232CDCEA): 17
LogDevObjectVersion:   Dev-Anim (AF43A65D-7FD3-4947-9873-3E8ED9C1BB05): 7
LogDevObjectVersion:   Dev-ReflectionCapture (6B266CEC-1EC7-4B8F-A30B-E4D90942FC07): 1
LogDevObjectVersion:   Dev-Automation (0DF73D61-A23F-47EA-B727-89E90C41499A): 1
LogDevObjectVersion:   FortniteMain (601D1886-AC64-4F84-AA16-D3DE0DEAC7D6): 31
LogDevObjectVersion:   Dev-Enterprise (9DFFBCD6-494F-0158-E221-12823C92A888): 10
LogDevObjectVersion:   Dev-Niagara (F2AED0AC-9AFE-416F-8664-AA7FFA26D6FC): 1
LogDevObjectVersion:   Dev-Destruction (174F1F0B-B4C6-45A5-B13F-2EE8D0FB917D): 10
LogDevObjectVersion:   Dev-Physics-Ext (35F94A83-E258-406C-A318-09F59610247C): 37
LogDevObjectVersion:   Dev-PhysicsMaterial-Chaos (B68FC16E-8B1B-42E2-B453-215C058844FE): 1
LogDevObjectVersion:   Dev-CineCamera (B2E18506-4273-CFC2-A54E-F4BB758BBA07): 1
LogInit: Presizing for max 25165824 objects, including 0 objects not considered by GC, pre-allocating 0 bytes for permanent pool.
LogConfig: Applying CVar settings from Section [/Script/Engine.StreamingSettings] File [F:/Unreal Projects/AIEWEEK8/Saved/Config/Windows/Engine.ini]
LogConfig: Setting CVar [[s.MinBulkDataSizeForAsyncLoading:131072]]
LogConfig: Setting CVar [[s.AsyncLoadingThreadEnabled:0]]
LogConfig: Setting CVar [[s.EventDrivenLoaderEnabled:1]]
LogConfig: Setting CVar [[s.WarnIfTimeLimitExceeded:0]]
LogConfig: Setting CVar [[s.TimeLimitExceededMultiplier:1.5]]
LogConfig: Setting CVar [[s.TimeLimitExceededMinTime:0.005]]
LogConfig: Setting CVar [[s.UseBackgroundLevelStreaming:1]]
LogConfig: Setting CVar [[s.PriorityAsyncLoadingExtraTime:15.0]]
LogConfig: Setting CVar [[s.LevelStreamingActorsUpdateTimeLimit:5.0]]
LogConfig: Setting CVar [[s.PriorityLevelStreamingActorsUpdateExtraTime:5.0]]
LogConfig: Setting CVar [[s.LevelStreamingComponentsRegistrationGranularity:10]]
LogConfig: Setting CVar [[s.UnregisterComponentsTimeLimit:1.0]]
LogConfig: Setting CVar [[s.LevelStreamingComponentsUnregistrationGranularity:5]]
LogConfig: Setting CVar [[s.FlushStreamingOnExit:1]]
LogInit: Object subsystem initialized
LogConfig: Setting CVar [[con.DebugEarlyDefault:1]]
LogConfig: Setting CVar [[r.setres:1280x720]]
[2020.10.03-09.45.51:871][  0]LogConfig: Setting CVar [[r.VSync:0]]
[2020.10.03-09.45.51:871][  0]LogConfig: Setting CVar [[r.RHICmdBypass:0]]
[2020.10.03-09.45.51:871][  0]LogConfig: Applying CVar settings from Section [/Script/Engine.RendererSettings] File [F:/Unreal Projects/AIEWEEK8/Saved/Config/Windows/Engine.ini]
[2020.10.03-09.45.51:871][  0]LogConfig: Setting CVar [[r.GPUCrashDebugging:0]]
[2020.10.03-09.45.51:871][  0]LogConfig: Applying CVar settings from Section [/Script/Engine.RendererOverrideSettings] File [F:/Unreal Projects/AIEWEEK8/Saved/Config/Windows/Engine.ini]
[2020.10.03-09.45.51:871][  0]LogConfig: Applying CVar settings from Section [/Script/Engine.StreamingSettings] File [F:/Unreal Projects/AIEWEEK8/Saved/Config/Windows/Engine.ini]
[2020.10.03-09.45.51:871][  0]LogConfig: Setting CVar [[s.MinBulkDataSizeForAsyncLoading:131072]]
[2020.10.03-09.45.51:871][  0]LogConfig: Setting CVar [[s.AsyncLoadingThreadEnabled:0]]
[2020.10.03-09.45.51:871][  0]LogConfig: Setting CVar [[s.EventDrivenLoaderEnabled:1]]
[2020.10.03-09.45.51:871][  0]LogConfig: Setting CVar [[s.WarnIfTimeLimitExceeded:0]]
[2020.10.03-09.45.51:871][  0]LogConfig: Setting CVar [[s.TimeLimitExceededMultiplier:1.5]]
[2020.10.03-09.45.51:871][  0]LogConfig: Setting CVar [[s.TimeLimitExceededMinTime:0.005]]
[2020.10.03-09.45.51:871][  0]LogConfig: Setting CVar [[s.UseBackgroundLevelStreaming:1]]
[2020.10.03-09.45.51:871][  0]LogConfig: Setting CVar [[s.PriorityAsyncLoadingExtraTime:15.0]]
[2020.10.03-09.45.51:871][  0]LogConfig: Setting CVar [[s.LevelStreamingActorsUpdateTimeLimit:5.0]]
[2020.10.03-09.45.51:871][  0]LogConfig: Setting CVar [[s.PriorityLevelStreamingActorsUpdateExtraTime:5.0]]
[2020.10.03-09.45.51:871][  0]LogConfig: Setting CVar [[s.LevelStreamingComponentsRegistrationGranularity:10]]
[2020.10.03-09.45.51:872][  0]LogConfig: Setting CVar [[s.UnregisterComponentsTimeLimit:1.0]]
[2020.10.03-09.45.51:872][  0]LogConfig: Setting CVar [[s.LevelStreamingComponentsUnregistrationGranularity:5]]
[2020.10.03-09.45.51:872][  0]LogConfig: Setting CVar [[s.FlushStreamingOnExit:1]]
[2020.10.03-09.45.51:872][  0]LogConfig: Applying CVar settings from Section [/Script/Engine.GarbageCollectionSettings] File [F:/Unreal Projects/AIEWEEK8/Saved/Config/Windows/Engine.ini]
[2020.10.03-09.45.51:872][  0]LogConfig: Setting CVar [[gc.MaxObjectsNotConsideredByGC:1]]
[2020.10.03-09.45.51:872][  0]LogConfig: Setting CVar [[gc.SizeOfPermanentObjectPool:0]]
[2020.10.03-09.45.51:872][  0]LogConfig: Setting CVar [[gc.FlushStreamingOnGC:0]]
[2020.10.03-09.45.51:872][  0]LogConfig: Setting CVar [[gc.NumRetriesBeforeForcingGC:10]]
[2020.10.03-09.45.51:872][  0]LogConfig: Setting CVar [[gc.AllowParallelGC:1]]
[2020.10.03-09.45.51:872][  0]LogConfig: Setting CVar [[gc.TimeBetweenPurgingPendingKillObjects:61.1]]
[2020.10.03-09.45.51:872][  0]LogConfig: Setting CVar [[gc.MaxObjectsInEditor:25165824]]
[2020.10.03-09.45.51:872][  0]LogConfig: Setting CVar [[gc.IncrementalBeginDestroyEnabled:1]]
[2020.10.03-09.45.51:872][  0]LogConfig: Setting CVar [[gc.CreateGCClusters:1]]
[2020.10.03-09.45.51:872][  0]LogConfig: Setting CVar [[gc.MinGCClusterSize:5]]
[2020.10.03-09.45.51:872][  0]LogConfig: Setting CVar [[gc.ActorClusteringEnabled:0]]
[2020.10.03-09.45.51:872][  0]LogConfig: Setting CVar [[gc.BlueprintClusteringEnabled:0]]
[2020.10.03-09.45.51:872][  0]LogConfig: Setting CVar [[gc.UseDisregardForGCOnDedicatedServers:0]]
[2020.10.03-09.45.51:872][  0]LogConfig: Applying CVar settings from Section [/Script/Engine.NetworkSettings] File [F:/Unreal Projects/AIEWEEK8/Saved/Config/Windows/Engine.ini]
[2020.10.03-09.45.51:872][  0]LogConfig: Applying CVar settings from Section [/Script/UnrealEd.CookerSettings] File [F:/Unreal Projects/AIEWEEK8/Saved/Config/Windows/Engine.ini]
[2020.10.03-09.45.51:873][  0]LogConfig: Applying CVar settings from Section [ViewDistanceQuality@3] File [F:/Unreal Projects/AIEWEEK8/Saved/Config/Windows/Scalability.ini]
[2020.10.03-09.45.51:873][  0]LogConfig: Setting CVar [[r.SkeletalMeshLODBias:0]]
[2020.10.03-09.45.51:873][  0]LogConfig: Setting CVar [[r.ViewDistanceScale:1.0]]
[2020.10.03-09.45.51:873][  0]LogConfig: Applying CVar settings from Section [AntiAliasingQuality@3] File [F:/Unreal Projects/AIEWEEK8/Saved/Config/Windows/Scalability.ini]
[2020.10.03-09.45.51:873][  0]LogConfig: Setting CVar [[r.PostProcessAAQuality:4]]
[2020.10.03-09.45.51:874][  0]LogConfig: Applying CVar settings from Section [ShadowQuality@3] File [F:/Unreal Projects/AIEWEEK8/Saved/Config/Windows/Scalability.ini]
[2020.10.03-09.45.51:874][  0]LogConfig: Setting CVar [[r.LightFunctionQuality:1]]
[2020.10.03-09.45.51:874][  0]LogConfig: Setting CVar [[r.ShadowQuality:5]]
[2020.10.03-09.45.51:874][  0]LogConfig: Setting CVar [[r.Shadow.CSM.MaxCascades:10]]
[2020.10.03-09.45.51:874][  0]LogConfig: Setting CVar [[r.Shadow.MaxResolution:2048]]
[2020.10.03-09.45.51:874][  0]LogConfig: Setting CVar [[r.Shadow.MaxCSMResolution:2048]]
[2020.10.03-09.45.51:874][  0]LogConfig: Setting CVar [[r.Shadow.RadiusThreshold:0.01]]
[2020.10.03-09.45.51:874][  0]LogConfig: Setting CVar [[r.Shadow.DistanceScale:1.0]]
[2020.10.03-09.45.51:874][  0]LogConfig: Setting CVar [[r.Shadow.CSM.TransitionScale:1.0]]
[2020.10.03-09.45.51:874][  0]LogConfig: Setting CVar [[r.Shadow.PreShadowResolutionFactor:1.0]]
[2020.10.03-09.45.51:874][  0]LogConfig: Setting CVar [[r.DistanceFieldShadowing:1]]
[2020.10.03-09.45.51:874][  0]LogConfig: Setting CVar [[r.DistanceFieldAO:1]]
[2020.10.03-09.45.51:874][  0]LogConfig: Setting CVar [[r.AOQuality:2]]
[2020.10.03-09.45.51:874][  0]LogConfig: Setting CVar [[r.VolumetricFog:1]]
[2020.10.03-09.45.51:874][  0]LogConfig: Setting CVar [[r.VolumetricFog.GridPixelSize:8]]
[2020.10.03-09.45.51:874][  0]LogConfig: Setting CVar [[r.VolumetricFog.GridSizeZ:128]]
[2020.10.03-09.45.51:874][  0]LogConfig: Setting CVar [[r.VolumetricFog.HistoryMissSupersampleCount:4]]
[2020.10.03-09.45.51:874][  0]LogConfig: Setting CVar [[r.LightMaxDrawDistanceScale:1]]
[2020.10.03-09.45.51:874][  0]LogConfig: Setting CVar [[r.CapsuleShadows:1]]
[2020.10.03-09.45.51:874][  0]LogConfig: Applying CVar settings from Section [PostProcessQuality@3] File [F:/Unreal Projects/AIEWEEK8/Saved/Config/Windows/Scalability.ini]
[2020.10.03-09.45.51:874][  0]LogConfig: Setting CVar [[r.MotionBlurQuality:4]]
[2020.10.03-09.45.51:874][  0]LogConfig: Setting CVar [[r.AmbientOcclusionMipLevelFactor:0.4]]
[2020.10.03-09.45.51:874][  0]LogConfig: Setting CVar [[r.AmbientOcclusionMaxQuality:100]]
[2020.10.03-09.45.51:874][  0]LogConfig: Setting CVar [[r.AmbientOcclusionLevels:-1]]
[2020.10.03-09.45.51:874][  0]LogConfig: Setting CVar [[r.AmbientOcclusionRadiusScale:1.0]]
[2020.10.03-09.45.51:874][  0]LogConfig: Setting CVar [[r.DepthOfFieldQuality:2]]
[2020.10.03-09.45.51:874][  0]LogConfig: Setting CVar [[r.RenderTargetPoolMin:400]]
[2020.10.03-09.45.51:874][  0]LogConfig: Setting CVar [[r.LensFlareQuality:2]]
[2020.10.03-09.45.51:874][  0]LogConfig: Setting CVar [[r.SceneColorFringeQuality:1]]
[2020.10.03-09.45.51:874][  0]LogConfig: Setting CVar [[r.EyeAdaptationQuality:2]]
[2020.10.03-09.45.51:874][  0]LogConfig: Setting CVar [[r.BloomQuality:5]]
[2020.10.03-09.45.51:874][  0]LogConfig: Setting CVar [[r.FastBlurThreshold:100]]
[2020.10.03-09.45.51:874][  0]LogConfig: Setting CVar [[r.Upscale.Quality:3]]
[2020.10.03-09.45.51:874][  0]LogConfig: Setting CVar [[r.Tonemapper.GrainQuantization:1]]
[2020.10.03-09.45.51:874][  0]LogConfig: Setting CVar [[r.LightShaftQuality:1]]
[2020.10.03-09.45.51:874][  0]LogConfig: Setting CVar [[r.Filter.SizeScale:1]]
[2020.10.03-09.45.51:874][  0]LogConfig: Setting CVar [[r.Tonemapper.Quality:5]]
[2020.10.03-09.45.51:874][  0]LogConfig: Setting CVar [[r.DOF.Gather.AccumulatorQuality:1        ; higher gathering accumulator quality]]
[2020.10.03-09.45.51:874][  0]LogConfig: Setting CVar [[r.DOF.Gather.PostfilterMethod:1          ; Median3x3 postfilering method]]
[2020.10.03-09.45.51:874][  0]LogConfig: Setting CVar [[r.DOF.Gather.EnableBokehSettings:0       ; no bokeh simulation when gathering]]
[2020.10.03-09.45.51:874][  0]LogConfig: Setting CVar [[r.DOF.Gather.RingCount:4                 ; medium number of samples when gathering]]
[2020.10.03-09.45.51:874][  0]LogConfig: Setting CVar [[r.DOF.Scatter.ForegroundCompositing:1    ; additive foreground scattering]]
[2020.10.03-09.45.51:874][  0]LogConfig: Setting CVar [[r.DOF.Scatter.BackgroundCompositing:2    ; additive background scattering]]
[2020.10.03-09.45.51:874][  0]LogConfig: Setting CVar [[r.DOF.Scatter.EnableBokehSettings:1      ; bokeh simulation when scattering]]
[2020.10.03-09.45.51:874][  0]LogConfig: Setting CVar [[r.DOF.Scatter.MaxSpriteRatio:0.1         ; only a maximum of 10% of scattered bokeh]]
[2020.10.03-09.45.51:874][  0]LogConfig: Setting CVar [[r.DOF.Recombine.Quality:1                ; cheap slight out of focus]]
[2020.10.03-09.45.51:874][  0]LogConfig: Setting CVar [[r.DOF.Recombine.EnableBokehSettings:0    ; no bokeh simulation on slight out of focus]]
[2020.10.03-09.45.51:874][  0]LogConfig: Setting CVar [[r.DOF.TemporalAAQuality:1                ; more stable temporal accumulation]]
[2020.10.03-09.45.51:874][  0]LogConfig: Setting CVar [[r.DOF.Kernel.MaxForegroundRadius:0.025]]
[2020.10.03-09.45.51:874][  0]LogConfig: Setting CVar [[r.DOF.Kernel.MaxBackgroundRadius:0.025]]
[2020.10.03-09.45.51:874][  0]LogConfig: Applying CVar settings from Section [TextureQuality@3] File [F:/Unreal Projects/AIEWEEK8/Saved/Config/Windows/Scalability.ini]
[2020.10.03-09.45.51:874][  0]LogConfig: Setting CVar [[r.Streaming.MipBias:0]]
[2020.10.03-09.45.51:874][  0]LogConfig: Setting CVar [[r.Streaming.AmortizeCPUToGPUCopy:0]]
[2020.10.03-09.45.51:874][  0]LogConfig: Setting CVar [[r.Streaming.MaxNumTexturesToStreamPerFrame:0]]
[2020.10.03-09.45.51:874][  0]LogConfig: Setting CVar [[r.Streaming.Boost:1]]
[2020.10.03-09.45.51:874][  0]LogConfig: Setting CVar [[r.MaxAnisotropy:8]]
[2020.10.03-09.45.51:874][  0]LogConfig: Setting CVar [[r.VT.MaxAnisotropy:8]]
[2020.10.03-09.45.51:874][  0]LogConfig: Setting CVar [[r.Streaming.LimitPoolSizeToVRAM:0]]
[2020.10.03-09.45.51:874][  0]LogConfig: Setting CVar [[r.Streaming.PoolSize:1000]]
[2020.10.03-09.45.51:874][  0]LogConfig: Setting CVar [[r.Streaming.MaxEffectiveScreenSize:0]]
[2020.10.03-09.45.51:874][  0]LogConfig: Applying CVar settings from Section [EffectsQuality@3] File [F:/Unreal Projects/AIEWEEK8/Saved/Config/Windows/Scalability.ini]
[2020.10.03-09.45.51:874][  0]LogConfig: Setting CVar [[r.TranslucencyLightingVolumeDim:64]]
[2020.10.03-09.45.51:874][  0]LogConfig: Setting CVar [[r.RefractionQuality:2]]
[2020.10.03-09.45.51:874][  0]LogConfig: Setting CVar [[r.SSR.Quality:3]]
[2020.10.03-09.45.51:874][  0]LogConfig: Setting CVar [[r.SSR.HalfResSceneColor:0]]
[2020.10.03-09.45.51:874][  0]LogConfig: Setting CVar [[r.SceneColorFormat:4]]
[2020.10.03-09.45.51:874][  0]LogConfig: Setting CVar [[r.DetailMode:2]]
[2020.10.03-09.45.51:874][  0]LogConfig: Setting CVar [[r.TranslucencyVolumeBlur:1]]
[2020.10.03-09.45.51:874][  0]LogConfig: Setting CVar [[r.MaterialQualityLevel:1 ; High quality]]
[2020.10.03-09.45.51:874][  0]LogConfig: Setting CVar [[r.SSS.Scale:1]]
[2020.10.03-09.45.51:874][  0]LogConfig: Setting CVar [[r.SSS.SampleSet:2]]
[2020.10.03-09.45.51:874][  0]LogConfig: Setting CVar [[r.SSS.Quality:1]]
[2020.10.03-09.45.51:874][  0]LogConfig: Setting CVar [[r.SSS.HalfRes:0]]
[2020.10.03-09.45.51:874][  0]LogConfig: Setting CVar [[r.SSGI.Quality:3]]
[2020.10.03-09.45.51:874][  0]LogConfig: Setting CVar [[r.EmitterSpawnRateScale:1.0]]
[2020.10.03-09.45.51:874][  0]LogConfig: Setting CVar [[r.ParticleLightQuality:2]]
[2020.10.03-09.45.51:874][  0]LogConfig: Setting CVar [[r.SkyAtmosphere.AerialPerspectiveLUT.FastApplyOnOpaque:1 ; Always have FastSkyLUT 1 in this case to avoid wrong sky]]
[2020.10.03-09.45.51:874][  0]LogConfig: Setting CVar [[r.SkyAtmosphere.AerialPerspectiveLUT.SampleCountPerSlice:1]]
[2020.10.03-09.45.51:874][  0]LogConfig: Setting CVar [[r.SkyAtmosphere.AerialPerspectiveLUT.DepthResolution:16.0]]
[2020.10.03-09.45.51:874][  0]LogConfig: Setting CVar [[r.SkyAtmosphere.FastSkyLUT:1]]
[2020.10.03-09.45.51:874][  0]LogConfig: Setting CVar [[r.SkyAtmosphere.FastSkyLUT.SampleCountMin:4.0]]
[2020.10.03-09.45.51:874][  0]LogConfig: Setting CVar [[r.SkyAtmosphere.FastSkyLUT.SampleCountMax:32.0]]
[2020.10.03-09.45.51:874][  0]LogConfig: Setting CVar [[r.SkyAtmosphere.SampleCountMin:4.0]]
[2020.10.03-09.45.51:874][  0]LogConfig: Setting CVar [[r.SkyAtmosphere.SampleCountMax:32.0]]
[2020.10.03-09.45.51:874][  0]LogConfig: Setting CVar [[r.SkyAtmosphere.TransmittanceLUT.UseSmallFormat:0]]
[2020.10.03-09.45.51:874][  0]LogConfig: Setting CVar [[r.SkyAtmosphere.TransmittanceLUT.SampleCount:10.0]]
[2020.10.03-09.45.51:874][  0]LogConfig: Setting CVar [[r.SkyAtmosphere.MultiScatteringLUT.SampleCount:15.0]]
[2020.10.03-09.45.51:874][  0]LogConfig: Applying CVar settings from Section [FoliageQuality@3] File [F:/Unreal Projects/AIEWEEK8/Saved/Config/Windows/Scalability.ini]
[2020.10.03-09.45.51:874][  0]LogConfig: Setting CVar [[foliage.DensityScale:1.0]]
[2020.10.03-09.45.51:874][  0]LogConfig: Setting CVar [[grass.DensityScale:1.0]]
[2020.10.03-09.45.51:874][  0]LogConfig: Applying CVar settings from Section [ShadingQuality@3] File [F:/Unreal Projects/AIEWEEK8/Saved/Config/Windows/Scalability.ini]
[2020.10.03-09.45.51:874][  0]LogConfig: Setting CVar [[r.HairStrands.SkyLighting.SampleCount:16]]
[2020.10.03-09.45.51:874][  0]LogConfig: Setting CVar [[r.HairStrands.SkyLighting.JitterIntegration:0]]
[2020.10.03-09.45.51:874][  0]LogConfig: Setting CVar [[r.HairStrands.SkyAO.SampleCount:16]]
[2020.10.03-09.45.51:875][  0]LogConfig: Setting CVar [[r.HairStrands.DeepShadow.SuperSampling:0]]
[2020.10.03-09.45.51:875][  0]LogConfig: Setting CVar [[r.HairStrands.VisibilityPPLL:0]]
[2020.10.03-09.45.51:875][  0]LogConfig: Setting CVar [[r.HairStrands.RasterizationScale:0.5]]
[2020.10.03-09.45.51:875][  0]LogConfig: Setting CVar [[r.HairStrands.VelocityRasterizationScale:1]]
[2020.10.03-09.45.51:875][  0]LogInit: Selected Device Profile: [Windows]
[2020.10.03-09.45.51:875][  0]LogInit: Applying CVar settings loaded from the selected device profile: [Windows]
[2020.10.03-09.45.51:875][  0]LogHAL: Display: Platform has ~ 8 GB [8447348736 / 8589934592 / 8], which maps to Default [LargestMinGB=32, LargerMinGB=12, DefaultMinGB=8, SmallerMinGB=6, SmallestMinGB=0)
[2020.10.03-09.45.51:875][  0]LogInit: Going up to parent DeviceProfile []
[2020.10.03-09.45.51:875][  0]LogConfig: Applying CVar settings from Section [ViewDistanceQuality@3] File [F:/Unreal Projects/AIEWEEK8/Saved/Config/Windows/Scalability.ini]
[2020.10.03-09.45.51:875][  0]LogConfig: Setting CVar [[r.SkeletalMeshLODBias:0]]
[2020.10.03-09.45.51:875][  0]LogConfig: Setting CVar [[r.ViewDistanceScale:1.0]]
[2020.10.03-09.45.51:875][  0]LogConfig: Applying CVar settings from Section [AntiAliasingQuality@3] File [F:/Unreal Projects/AIEWEEK8/Saved/Config/Windows/Scalability.ini]
[2020.10.03-09.45.51:875][  0]LogConfig: Setting CVar [[r.PostProcessAAQuality:4]]
[2020.10.03-09.45.51:875][  0]LogConfig: Applying CVar settings from Section [ShadowQuality@3] File [F:/Unreal Projects/AIEWEEK8/Saved/Config/Windows/Scalability.ini]
[2020.10.03-09.45.51:875][  0]LogConfig: Setting CVar [[r.LightFunctionQuality:1]]
[2020.10.03-09.45.51:875][  0]LogConfig: Setting CVar [[r.ShadowQuality:5]]
[2020.10.03-09.45.51:875][  0]LogConfig: Setting CVar [[r.Shadow.CSM.MaxCascades:10]]
[2020.10.03-09.45.51:875][  0]LogConfig: Setting CVar [[r.Shadow.MaxResolution:2048]]
[2020.10.03-09.45.51:875][  0]LogConfig: Setting CVar [[r.Shadow.MaxCSMResolution:2048]]
[2020.10.03-09.45.51:875][  0]LogConfig: Setting CVar [[r.Shadow.RadiusThreshold:0.01]]
[2020.10.03-09.45.51:875][  0]LogConfig: Setting CVar [[r.Shadow.DistanceScale:1.0]]
[2020.10.03-09.45.51:875][  0]LogConfig: Setting CVar [[r.Shadow.CSM.TransitionScale:1.0]]
[2020.10.03-09.45.51:875][  0]LogConfig: Setting CVar [[r.Shadow.PreShadowResolutionFactor:1.0]]
[2020.10.03-09.45.51:875][  0]LogConfig: Setting CVar [[r.DistanceFieldShadowing:1]]
[2020.10.03-09.45.51:875][  0]LogConfig: Setting CVar [[r.DistanceFieldAO:1]]
[2020.10.03-09.45.51:875][  0]LogConfig: Setting CVar [[r.AOQuality:2]]
[2020.10.03-09.45.51:875][  0]LogConfig: Setting CVar [[r.VolumetricFog:1]]
[2020.10.03-09.45.51:875][  0]LogConfig: Setting CVar [[r.VolumetricFog.GridPixelSize:8]]
[2020.10.03-09.45.51:875][  0]LogConfig: Setting CVar [[r.VolumetricFog.GridSizeZ:128]]
[2020.10.03-09.45.51:875][  0]LogConfig: Setting CVar [[r.VolumetricFog.HistoryMissSupersampleCount:4]]
[2020.10.03-09.45.51:875][  0]LogConfig: Setting CVar [[r.LightMaxDrawDistanceScale:1]]
[2020.10.03-09.45.51:875][  0]LogConfig: Setting CVar [[r.CapsuleShadows:1]]
[2020.10.03-09.45.51:875][  0]LogConfig: Applying CVar settings from Section [PostProcessQuality@3] File [F:/Unreal Projects/AIEWEEK8/Saved/Config/Windows/Scalability.ini]
[2020.10.03-09.45.51:875][  0]LogConfig: Setting CVar [[r.MotionBlurQuality:4]]
[2020.10.03-09.45.51:875][  0]LogConfig: Setting CVar [[r.AmbientOcclusionMipLevelFactor:0.4]]
[2020.10.03-09.45.51:875][  0]LogConfig: Setting CVar [[r.AmbientOcclusionMaxQuality:100]]
[2020.10.03-09.45.51:875][  0]LogConfig: Setting CVar [[r.AmbientOcclusionLevels:-1]]
[2020.10.03-09.45.51:875][  0]LogConfig: Setting CVar [[r.AmbientOcclusionRadiusScale:1.0]]
[2020.10.03-09.45.51:875][  0]LogConfig: Setting CVar [[r.DepthOfFieldQuality:2]]
[2020.10.03-09.45.51:875][  0]LogConfig: Setting CVar [[r.RenderTargetPoolMin:400]]
[2020.10.03-09.45.51:875][  0]LogConfig: Setting CVar [[r.LensFlareQuality:2]]
[2020.10.03-09.45.51:875][  0]LogConfig: Setting CVar [[r.SceneColorFringeQuality:1]]
[2020.10.03-09.45.51:875][  0]LogConfig: Setting CVar [[r.EyeAdaptationQuality:2]]
[2020.10.03-09.45.51:875][  0]LogConfig: Setting CVar [[r.BloomQuality:5]]
[2020.10.03-09.45.51:875][  0]LogConfig: Setting CVar [[r.FastBlurThreshold:100]]
[2020.10.03-09.45.51:875][  0]LogConfig: Setting CVar [[r.Upscale.Quality:3]]
[2020.10.03-09.45.51:875][  0]LogConfig: Setting CVar [[r.Tonemapper.GrainQuantization:1]]
[2020.10.03-09.45.51:875][  0]LogConfig: Setting CVar [[r.LightShaftQuality:1]]
[2020.10.03-09.45.51:875][  0]LogConfig: Setting CVar [[r.Filter.SizeScale:1]]
[2020.10.03-09.45.51:875][  0]LogConfig: Setting CVar [[r.Tonemapper.Quality:5]]
[2020.10.03-09.45.51:875][  0]LogConfig: Setting CVar [[r.DOF.Gather.AccumulatorQuality:1        ; higher gathering accumulator quality]]
[2020.10.03-09.45.51:875][  0]LogConfig: Setting CVar [[r.DOF.Gather.PostfilterMethod:1          ; Median3x3 postfilering method]]
[2020.10.03-09.45.51:875][  0]LogConfig: Setting CVar [[r.DOF.Gather.EnableBokehSettings:0       ; no bokeh simulation when gathering]]
[2020.10.03-09.45.51:875][  0]LogConfig: Setting CVar [[r.DOF.Gather.RingCount:4                 ; medium number of samples when gathering]]
[2020.10.03-09.45.51:875][  0]LogConfig: Setting CVar [[r.DOF.Scatter.ForegroundCompositing:1    ; additive foreground scattering]]
[2020.10.03-09.45.51:875][  0]LogConfig: Setting CVar [[r.DOF.Scatter.BackgroundCompositing:2    ; additive background scattering]]
[2020.10.03-09.45.51:875][  0]LogConfig: Setting CVar [[r.DOF.Scatter.EnableBokehSettings:1      ; bokeh simulation when scattering]]
[2020.10.03-09.45.51:875][  0]LogConfig: Setting CVar [[r.DOF.Scatter.MaxSpriteRatio:0.1         ; only a maximum of 10% of scattered bokeh]]
[2020.10.03-09.45.51:875][  0]LogConfig: Setting CVar [[r.DOF.Recombine.Quality:1                ; cheap slight out of focus]]
[2020.10.03-09.45.51:875][  0]LogConfig: Setting CVar [[r.DOF.Recombine.EnableBokehSettings:0    ; no bokeh simulation on slight out of focus]]
[2020.10.03-09.45.51:875][  0]LogConfig: Setting CVar [[r.DOF.TemporalAAQuality:1                ; more stable temporal accumulation]]
[2020.10.03-09.45.51:875][  0]LogConfig: Setting CVar [[r.DOF.Kernel.MaxForegroundRadius:0.025]]
[2020.10.03-09.45.51:875][  0]LogConfig: Setting CVar [[r.DOF.Kernel.MaxBackgroundRadius:0.025]]
[2020.10.03-09.45.51:875][  0]LogConfig: Applying CVar settings from Section [TextureQuality@3] File [F:/Unreal Projects/AIEWEEK8/Saved/Config/Windows/Scalability.ini]
[2020.10.03-09.45.51:875][  0]LogConfig: Setting CVar [[r.Streaming.MipBias:0]]
[2020.10.03-09.45.51:875][  0]LogConfig: Setting CVar [[r.Streaming.AmortizeCPUToGPUCopy:0]]
[2020.10.03-09.45.51:875][  0]LogConfig: Setting CVar [[r.Streaming.MaxNumTexturesToStreamPerFrame:0]]
[2020.10.03-09.45.51:875][  0]LogConfig: Setting CVar [[r.Streaming.Boost:1]]
[2020.10.03-09.45.51:875][  0]LogConfig: Setting CVar [[r.MaxAnisotropy:8]]
[2020.10.03-09.45.51:875][  0]LogConfig: Setting CVar [[r.VT.MaxAnisotropy:8]]
[2020.10.03-09.45.51:875][  0]LogConfig: Setting CVar [[r.Streaming.LimitPoolSizeToVRAM:0]]
[2020.10.03-09.45.51:875][  0]LogConfig: Setting CVar [[r.Streaming.PoolSize:1000]]
[2020.10.03-09.45.51:875][  0]LogConfig: Setting CVar [[r.Streaming.MaxEffectiveScreenSize:0]]
[2020.10.03-09.45.51:875][  0]LogConfig: Applying CVar settings from Section [EffectsQuality@3] File [F:/Unreal Projects/AIEWEEK8/Saved/Config/Windows/Scalability.ini]
[2020.10.03-09.45.51:875][  0]LogConfig: Setting CVar [[r.TranslucencyLightingVolumeDim:64]]
[2020.10.03-09.45.51:875][  0]LogConfig: Setting CVar [[r.RefractionQuality:2]]
[2020.10.03-09.45.51:875][  0]LogConfig: Setting CVar [[r.SSR.Quality:3]]
[2020.10.03-09.45.51:875][  0]LogConfig: Setting CVar [[r.SSR.HalfResSceneColor:0]]
[2020.10.03-09.45.51:875][  0]LogConfig: Setting CVar [[r.SceneColorFormat:4]]
[2020.10.03-09.45.51:875][  0]LogConfig: Setting CVar [[r.DetailMode:2]]
[2020.10.03-09.45.51:875][  0]LogConfig: Setting CVar [[r.TranslucencyVolumeBlur:1]]
[2020.10.03-09.45.51:875][  0]LogConfig: Setting CVar [[r.MaterialQualityLevel:1 ; High quality]]
[2020.10.03-09.45.51:875][  0]LogConfig: Setting CVar [[r.SSS.Scale:1]]
[2020.10.03-09.45.51:875][  0]LogConfig: Setting CVar [[r.SSS.SampleSet:2]]
[2020.10.03-09.45.51:875][  0]LogConfig: Setting CVar [[r.SSS.Quality:1]]
[2020.10.03-09.45.51:875][  0]LogConfig: Setting CVar [[r.SSS.HalfRes:0]]
[2020.10.03-09.45.51:875][  0]LogConfig: Setting CVar [[r.SSGI.Quality:3]]
[2020.10.03-09.45.51:875][  0]LogConfig: Setting CVar [[r.EmitterSpawnRateScale:1.0]]
[2020.10.03-09.45.51:876][  0]LogConfig: Setting CVar [[r.ParticleLightQuality:2]]
[2020.10.03-09.45.51:876][  0]LogConfig: Setting CVar [[r.SkyAtmosphere.AerialPerspectiveLUT.FastApplyOnOpaque:1 ; Always have FastSkyLUT 1 in this case to avoid wrong sky]]
[2020.10.03-09.45.51:876][  0]LogConfig: Setting CVar [[r.SkyAtmosphere.AerialPerspectiveLUT.SampleCountPerSlice:1]]
[2020.10.03-09.45.51:876][  0]LogConfig: Setting CVar [[r.SkyAtmosphere.AerialPerspectiveLUT.DepthResolution:16.0]]
[2020.10.03-09.45.51:876][  0]LogConfig: Setting CVar [[r.SkyAtmosphere.FastSkyLUT:1]]
[2020.10.03-09.45.51:876][  0]LogConfig: Setting CVar [[r.SkyAtmosphere.FastSkyLUT.SampleCountMin:4.0]]
[2020.10.03-09.45.51:876][  0]LogConfig: Setting CVar [[r.SkyAtmosphere.FastSkyLUT.SampleCountMax:32.0]]
[2020.10.03-09.45.51:876][  0]LogConfig: Setting CVar [[r.SkyAtmosphere.SampleCountMin:4.0]]
[2020.10.03-09.45.51:876][  0]LogConfig: Setting CVar [[r.SkyAtmosphere.SampleCountMax:32.0]]
[2020.10.03-09.45.51:876][  0]LogConfig: Setting CVar [[r.SkyAtmosphere.TransmittanceLUT.UseSmallFormat:0]]
[2020.10.03-09.45.51:876][  0]LogConfig: Setting CVar [[r.SkyAtmosphere.TransmittanceLUT.SampleCount:10.0]]
[2020.10.03-09.45.51:876][  0]LogConfig: Setting CVar [[r.SkyAtmosphere.MultiScatteringLUT.SampleCount:15.0]]
[2020.10.03-09.45.51:876][  0]LogConfig: Applying CVar settings from Section [FoliageQuality@3] File [F:/Unreal Projects/AIEWEEK8/Saved/Config/Windows/Scalability.ini]
[2020.10.03-09.45.51:876][  0]LogConfig: Setting CVar [[foliage.DensityScale:1.0]]
[2020.10.03-09.45.51:876][  0]LogConfig: Setting CVar [[grass.DensityScale:1.0]]
[2020.10.03-09.45.51:876][  0]LogConfig: Applying CVar settings from Section [ShadingQuality@3] File [F:/Unreal Projects/AIEWEEK8/Saved/Config/Windows/Scalability.ini]
[2020.10.03-09.45.51:876][  0]LogConfig: Setting CVar [[r.HairStrands.SkyLighting.SampleCount:16]]
[2020.10.03-09.45.51:876][  0]LogConfig: Setting CVar [[r.HairStrands.SkyLighting.JitterIntegration:0]]
[2020.10.03-09.45.51:876][  0]LogConfig: Setting CVar [[r.HairStrands.SkyAO.SampleCount:16]]
[2020.10.03-09.45.51:876][  0]LogConfig: Setting CVar [[r.HairStrands.DeepShadow.SuperSampling:0]]
[2020.10.03-09.45.51:876][  0]LogConfig: Setting CVar [[r.HairStrands.VisibilityPPLL:0]]
[2020.10.03-09.45.51:876][  0]LogConfig: Setting CVar [[r.HairStrands.RasterizationScale:0.5]]
[2020.10.03-09.45.51:876][  0]LogConfig: Setting CVar [[r.HairStrands.VelocityRasterizationScale:1]]
[2020.10.03-09.45.51:876][  0]LogConfig: Applying CVar settings from Section [Startup] File [../../../Engine/Config/ConsoleVariables.ini]
[2020.10.03-09.45.51:876][  0]LogConfig: Setting CVar [[net.UseAdaptiveNetUpdateFrequency:0]]
[2020.10.03-09.45.51:876][  0]LogConfig: Setting CVar [[p.chaos.AllowCreatePhysxBodies:1]]
[2020.10.03-09.45.51:876][  0]LogConfig: Setting CVar [[fx.SkipVectorVMBackendOptimizations:1]]
[2020.10.03-09.45.51:876][  0]LogConfig: Applying CVar settings from Section [ConsoleVariables] File [F:/Unreal Projects/AIEWEEK8/Saved/Config/Windows/Engine.ini]
[2020.10.03-09.45.51:876][  0]LogInit: Computer: DESKTOP-O4JB6KH
[2020.10.03-09.45.51:876][  0]LogInit: User: raven
[2020.10.03-09.45.51:876][  0]LogInit: CPU Page size=4096, Cores=6
[2020.10.03-09.45.51:876][  0]LogInit: High frequency timer resolution =10.000000 MHz
[2020.10.03-09.45.51:876][  0]LogMemory: Memory total: Physical=7.9GB (8GB approx)
[2020.10.03-09.45.51:876][  0]LogMemory: Platform Memory Stats for Windows
[2020.10.03-09.45.51:876][  0]LogMemory: Process Physical Memory: 113.78 MB used, 113.78 MB peak
[2020.10.03-09.45.51:876][  0]LogMemory: Process Virtual Memory: 96.06 MB used, 96.06 MB peak
[2020.10.03-09.45.51:876][  0]LogMemory: Physical Memory: 5293.96 MB used,  2762.06 MB free, 8056.02 MB total
[2020.10.03-09.45.51:876][  0]LogMemory: Virtual Memory: 5137.16 MB used,  134212592.00 MB free, 134217728.00 MB total
[2020.10.03-09.45.51:881][  0]LogWindows: WindowsPlatformFeatures enabled
[2020.10.03-09.45.51:923][  0]LogInit: Physics initialised using underlying interface: PhysX
[2020.10.03-09.45.51:924][  0]LogInit: Using OS detected language (en-US).
[2020.10.03-09.45.51:924][  0]LogInit: Using OS detected locale (en-AU).
[2020.10.03-09.45.51:927][  0]LogTextLocalizationManager: No specific localization for 'en-US' exists, so the 'en' localization will be used.
[2020.10.03-09.45.52:079][  0]LogInit: Setting process to per monitor DPI aware
[2020.10.03-09.45.52:108][  0]LogSlate: New Slate User Created.  User Index 0, Is Virtual User: 0
[2020.10.03-09.45.52:108][  0]LogSlate: Slate User Registered.  User Index 0, Is Virtual User: 0
[2020.10.03-09.45.52:227][  0]LogHMD: Failed to initialize OpenVR with code 110
[2020.10.03-09.45.52:228][  0]LogD3D11RHI: D3D11 min allowed feature level: 11_0
[2020.10.03-09.45.52:228][  0]LogD3D11RHI: D3D11 max allowed feature level: 11_0
[2020.10.03-09.45.52:228][  0]LogD3D11RHI: D3D11 adapters:
[2020.10.03-09.45.52:282][  0]LogD3D11RHI:    0. 'NVIDIA GeForce GTX 1050 Ti' (Feature Level 11_0)
[2020.10.03-09.45.52:282][  0]LogD3D11RHI:       4018/0/4028 MB DedicatedVideo/DedicatedSystem/SharedSystem, Outputs:1, VendorId:0x10de
[2020.10.03-09.45.52:284][  0]LogD3D11RHI:    1. 'Microsoft Basic Render Driver' (Feature Level 11_0)
[2020.10.03-09.45.52:284][  0]LogD3D11RHI:       0/0/4028 MB DedicatedVideo/DedicatedSystem/SharedSystem, Outputs:0, VendorId:0x1414
[2020.10.03-09.45.52:284][  0]LogD3D11RHI: Chosen D3D11 Adapter: 0
[2020.10.03-09.45.52:293][  0]LogD3D11RHI: Creating new Direct3DDevice
[2020.10.03-09.45.52:293][  0]LogD3D11RHI:     GPU DeviceId: 0x1c82 (for the marketing name, search the web for "GPU Device Id")
[2020.10.03-09.45.52:294][  0]LogWindows: EnumDisplayDevices:
[2020.10.03-09.45.52:294][  0]LogWindows:    0. 'NVIDIA GeForce GTX 1050 Ti' (P:1 D:1)
[2020.10.03-09.45.52:294][  0]LogWindows:    1. 'NVIDIA GeForce GTX 1050 Ti' (P:0 D:0)
[2020.10.03-09.45.52:294][  0]LogWindows:    2. 'NVIDIA GeForce GTX 1050 Ti' (P:0 D:0)
[2020.10.03-09.45.52:294][  0]LogWindows:    3. 'NVIDIA GeForce GTX 1050 Ti' (P:0 D:0)
[2020.10.03-09.45.52:294][  0]LogWindows: DebugString: FoundDriverCount:4 
[2020.10.03-09.45.52:294][  0]LogD3D11RHI:     Adapter Name: NVIDIA GeForce GTX 1050 Ti
[2020.10.03-09.45.52:294][  0]LogD3D11RHI:   Driver Version: 431.07 (internal:26.21.14.3107, unified:431.07)
[2020.10.03-09.45.52:294][  0]LogD3D11RHI:      Driver Date: 6-5-2019
[2020.10.03-09.45.52:294][  0]LogRHI: Texture pool is 2812 MB (70% of 4018 MB)
[2020.10.03-09.45.52:328][  0]LogD3D11RHI: RHI has support for 64 bit atomics
[2020.10.03-09.45.52:329][  0]LogD3D11RHI: [Aftermath] Enabled and primed
[2020.10.03-09.45.52:329][  0]LogD3D11RHI: Async texture creation enabled
[2020.10.03-09.45.52:329][  0]LogD3D11RHI: Array index from any shader is supported
[2020.10.03-09.45.52:390][  0]LogD3D11RHI: GPU Timing Frequency: 1000.000000 (Debug: 2 1)
[2020.10.03-09.45.52:630][  0]LogTargetPlatformManager: Display: Loaded TargetPlatform 'AllDesktop'
[2020.10.03-09.45.52:659][  0]LogTargetPlatformManager: Display: Loaded TargetPlatform 'Android'
[2020.10.03-09.45.52:659][  0]LogTargetPlatformManager: Display: Loaded TargetPlatform 'Android_ASTC'
[2020.10.03-09.45.52:659][  0]LogTargetPlatformManager: Display: Loaded TargetPlatform 'Android_DXT'
[2020.10.03-09.45.52:659][  0]LogTargetPlatformManager: Display: Loaded TargetPlatform 'Android_ETC2'
[2020.10.03-09.45.52:659][  0]LogTargetPlatformManager: Display: Loaded TargetPlatform 'AndroidClient'
[2020.10.03-09.45.52:659][  0]LogTargetPlatformManager: Display: Loaded TargetPlatform 'Android_ASTCClient'
[2020.10.03-09.45.52:659][  0]LogTargetPlatformManager: Display: Loaded TargetPlatform 'Android_DXTClient'
[2020.10.03-09.45.52:659][  0]LogTargetPlatformManager: Display: Loaded TargetPlatform 'Android_ETC2Client'
[2020.10.03-09.45.52:659][  0]LogTargetPlatformManager: Display: Loaded TargetPlatform 'Android_Multi'
[2020.10.03-09.45.52:659][  0]LogTargetPlatformManager: Display: Loaded TargetPlatform 'Android_MultiClient'
[2020.10.03-09.45.52:683][  0]LogTargetPlatformManager: Display: Loaded TargetPlatform 'IOSClient'
[2020.10.03-09.45.52:683][  0]LogTargetPlatformManager: Display: Loaded TargetPlatform 'IOS'
[2020.10.03-09.45.52:693][  0]LogTargetPlatformManager: Display: Loaded TargetPlatform 'Linux'
[2020.10.03-09.45.52:703][  0]LogTargetPlatformManager: Display: Loaded TargetPlatform 'LinuxNoEditor'
[2020.10.03-09.45.52:712][  0]LogTargetPlatformManager: Display: Loaded TargetPlatform 'LinuxClient'
[2020.10.03-09.45.52:721][  0]LogTargetPlatformManager: Display: Loaded TargetPlatform 'LinuxServer'
[2020.10.03-09.45.52:731][  0]LogTargetPlatformManager: Display: Loaded TargetPlatform 'LinuxAArch64NoEditor'
[2020.10.03-09.45.52:740][  0]LogTargetPlatformManager: Display: Loaded TargetPlatform 'LinuxAArch64Client'
[2020.10.03-09.45.52:749][  0]LogTargetPlatformManager: Display: Loaded TargetPlatform 'LinuxAArch64Server'
[2020.10.03-09.45.52:773][  0]LogTargetPlatformManager: Display: Loaded TargetPlatform 'Lumin'
[2020.10.03-09.45.52:773][  0]LogTargetPlatformManager: Display: Loaded TargetPlatform 'LuminClient'
[2020.10.03-09.45.52:788][  0]LogTargetPlatformManager: Display: Loaded TargetPlatform 'TVOSClient'
[2020.10.03-09.45.52:788][  0]LogTargetPlatformManager: Display: Loaded TargetPlatform 'TVOS'
[2020.10.03-09.45.52:798][  0]LogTargetPlatformManager: Display: Loaded TargetPlatform 'WindowsNoEditor'
[2020.10.03-09.45.52:807][  0]LogTargetPlatformManager: Display: Loaded TargetPlatform 'Windows'
[2020.10.03-09.45.52:816][  0]LogTargetPlatformManager: Display: Loaded TargetPlatform 'WindowsClient'
[2020.10.03-09.45.52:826][  0]LogTargetPlatformManager: Display: Loaded TargetPlatform 'WindowsServer'
[2020.10.03-09.45.52:826][  0]LogTargetPlatformManager: Display: Building Assets For Windows
[2020.10.03-09.45.52:839][  0]LogAudioDebug: Display: Lib vorbis DLL was dynamically loaded.
[2020.10.03-09.45.52:918][  0]LogShaderCompilers: Guid format shader working directory is 18 characters bigger than the processId version (F:/Unreal Projects/AIEWEEK8/Intermediate/Shaders/WorkingDirectory/21692/).
[2020.10.03-09.45.52:919][  0]LogShaderCompilers: Cleaned the shader compiler working directory 'C:/Users/raven/AppData/Local/Temp/UnrealShaderWorkingDir/E049FDCA49EBE25F5B03E3900C278FAE/'.
[2020.10.03-09.45.52:919][  0]LogXGEController: Cannot use XGE Controller as Incredibuild is not installed on this machine.
[2020.10.03-09.45.52:919][  0]LogShaderCompilers: Cannot use XGE Shader Compiler as Incredibuild is not installed on this machine.
[2020.10.03-09.45.52:919][  0]LogShaderCompilers: Display: Using Local Shader Compiler.
[2020.10.03-09.45.53:614][  0]LogDerivedDataCache: Display: Max Cache Size: 512 MB
[2020.10.03-09.45.53:670][  0]LogDerivedDataCache: Loaded boot cache 0.06s 76MB C:/Users/raven/AppData/Local/UnrealEngine/4.25/DerivedDataCache/Boot.ddc.
[2020.10.03-09.45.53:670][  0]LogDerivedDataCache: Display: Loaded Boot cache: C:/Users/raven/AppData/Local/UnrealEngine/4.25/DerivedDataCache/Boot.ddc
[2020.10.03-09.45.53:670][  0]LogDerivedDataCache: FDerivedDataBackendGraph:  Pak pak cache file F:/Unreal Projects/AIEWEEK8/DerivedDataCache/DDC.ddp not found, will not use a pak cache.
[2020.10.03-09.45.53:670][  0]LogDerivedDataCache: Unable to find inner node Pak for hierarchical cache Hierarchy.
[2020.10.03-09.45.53:670][  0]LogDerivedDataCache: FDerivedDataBackendGraph:  CompressedPak pak cache file F:/Unreal Projects/AIEWEEK8/DerivedDataCache/Compressed.ddp not found, will not use a pak cache.
[2020.10.03-09.45.53:670][  0]LogDerivedDataCache: Unable to find inner node CompressedPak for hierarchical cache Hierarchy.
[2020.10.03-09.45.53:680][  0]LogDerivedDataCache: Display: Pak cache opened for reading ../../../Engine/DerivedDataCache/Compressed.ddp.
[2020.10.03-09.45.53:680][  0]LogDerivedDataCache: FDerivedDataBackendGraph:  EnterprisePak pak cache file ../../../Enterprise/DerivedDataCache/Compressed.ddp not found, will not use a pak cache.
[2020.10.03-09.45.53:680][  0]LogDerivedDataCache: Unable to find inner node EnterprisePak for hierarchical cache Hierarchy.
[2020.10.03-09.45.53:682][  0]LogDerivedDataCache: Using Local data cache path C:/Users/raven/AppData/Local/UnrealEngine/Common/DerivedDataCache: Writable
[2020.10.03-09.45.53:682][  0]LogDerivedDataCache: Shared data cache path not found in *engine.ini, will not use an Shared cache.
[2020.10.03-09.45.53:682][  0]LogDerivedDataCache: Unable to find inner node Shared for hierarchical cache Hierarchy.
[2020.10.03-09.45.53:727][  0]LogSlate: Using FreeType 2.10.0
[2020.10.03-09.45.53:728][  0]LogSlate: SlateFontServices - WITH_FREETYPE: 1, WITH_HARFBUZZ: 1
[2020.10.03-09.45.53:750][  0]LogAssetRegistry: FAssetRegistry took 0.0021 seconds to start up
[2020.10.03-09.45.53:952][  0]LogInit: Selected Device Profile: [Windows]
[2020.10.03-09.45.54:602][  0]LogMeshReduction: Using QuadricMeshReduction for automatic static mesh reduction
[2020.10.03-09.45.54:602][  0]LogMeshReduction: Using SimplygonMeshReduction for automatic skeletal mesh reduction
[2020.10.03-09.45.54:602][  0]LogMeshReduction: Using ProxyLODMeshReduction for automatic mesh merging
[2020.10.03-09.45.54:602][  0]LogMeshReduction: No distributed automatic mesh merging module available
[2020.10.03-09.45.54:602][  0]LogMeshMerging: No distributed automatic mesh merging module available
[2020.10.03-09.45.54:614][  0]LogNetVersion: AIEWEEK8 1.0.0, NetCL: 13144385, EngineNetVer: 14, GameNetVer: 0 (Checksum: 895924416)
[2020.10.03-09.45.54:965][  0]LogAISub: UAISubsystem::UAISubsystem AISubsystem (0000018746FF0300), frame # 0
[2020.10.03-09.45.54:965][  0]LogAISub: UAISubsystem::UAISubsystem AIPerceptionSystem (0000018746F391C0), frame # 0
[2020.10.03-09.45.54:966][  0]LogAISub: UAISubsystem::UAISubsystem EnvQueryManager (0000018746F81E00), frame # 0
[2020.10.03-09.45.56:009][  0]LogPackageLocalizationCache: Processed 19 localized package path(s) for 1 prioritized culture(s) in 1.038460 seconds
[2020.10.03-09.45.56:014][  0]LogUObjectArray: 15917 objects as part of root set at end of initial load.
[2020.10.03-09.45.56:014][  0]LogUObjectAllocator: 3965568 out of 0 bytes used by permanent object pool.
[2020.10.03-09.45.56:014][  0]LogUObjectArray: CloseDisregardForGC: 0/0 objects in disregard for GC pool
[2020.10.03-09.45.56:415][  0]LogTcpMessaging: Initializing TcpMessaging bridge
[2020.10.03-09.45.56:421][  0]LogUdpMessaging: Initializing bridge on interface 0.0.0.0:0 to multicast group 230.0.0.1:6666.
[2020.10.03-09.45.56:514][  0]SourceControl: Source control is disabled
[2020.10.03-09.45.56:514][  0]SourceControl: Source control is disabled
[2020.10.03-09.45.56:519][  0]SourceControl: Source control is disabled
[2020.10.03-09.45.56:523][  0]SourceControl: Source control is disabled
[2020.10.03-09.45.56:531][  0]SourceControl: Source control is disabled
[2020.10.03-09.45.56:547][  0]LogVSAccessor: Display: Unable to create Visual Studio setup instance: 80040154
[2020.10.03-09.45.56:547][  0]LogVSAccessor: Display: Unable to create Visual Studio setup instance: 80040154
[2020.10.03-09.45.56:878][  0]LogAndroidPermission: UAndroidPermissionCallbackProxy::GetInstance
[2020.10.03-09.45.56:907][  0]LogAudioCaptureCore: Display: No Audio Capture implementations found. Audio input will be silent.
[2020.10.03-09.45.56:907][  0]LogAudioCaptureCore: Display: No Audio Capture implementations found. Audio input will be silent.
[2020.10.03-09.45.56:965][  0]LogOcInput: OculusInput pre-init called
[2020.10.03-09.45.56:978][  0]LogWindows: Failed to load 'OVRPlugin.dll' (GetLastError=126)
[2020.10.03-09.45.56:978][  0]LogWindows: File 'OVRPlugin.dll' does not exist
[2020.10.03-09.45.57:042][  0]LogEngine: Initializing Engine...
[2020.10.03-09.45.57:043][  0]LogHMD: Failed to initialize OpenVR with code 110
[2020.10.03-09.45.57:043][  0]LogMagicLeap: Warning: VR disabled because ZI is not enabled.  To enable, in the editor, Edit -> Project Settings -> Plugins -> Magic Leap Plugin -> Enable Zero Iteration
[2020.10.03-09.45.57:044][  0]LogStats: UGameplayTagsManager::InitializeManager -  0.000 s
[2020.10.03-09.45.57:248][  0]LogInit: Initializing FReadOnlyCVARCache
[2020.10.03-09.45.57:257][  0]LogAIModule: Creating AISystem for world Untitled
[2020.10.03-09.45.57:257][  0]LogAISub: UAISubsystem::UAISubsystem EnvQueryManager (000001874B397C00), frame # 0
[2020.10.03-09.45.57:257][  0]LogAISub: UAISubsystem::UAISubsystem AIPerceptionSystem (000001874B448A40), frame # 0
[2020.10.03-09.45.57:262][  0]LogAudioMixer: Display: Audio Mixer Platform Settings:
[2020.10.03-09.45.57:262][  0]LogAudioMixer: Display: 	Sample Rate:						  48000
[2020.10.03-09.45.57:262][  0]LogAudioMixer: Display: 	Callback Buffer Frame Size Requested: 1024
[2020.10.03-09.45.57:262][  0]LogAudioMixer: Display: 	Callback Buffer Frame Size To Use:	  1024
[2020.10.03-09.45.57:262][  0]LogAudioMixer: Display: 	Number of buffers to queue:			  2
[2020.10.03-09.45.57:262][  0]LogAudioMixer: Display: 	Max Channels (voices):				  32
[2020.10.03-09.45.57:262][  0]LogAudioMixer: Display: 	Number of Async Source Workers:		  0
[2020.10.03-09.45.57:262][  0]LogAudio: Display: AudioDevice MaxSources: 32
[2020.10.03-09.45.57:262][  0]LogAudio: Display: Using built-in audio occlusion.
[2020.10.03-09.45.57:262][  0]LogAudioMixer: Display: Initializing audio mixer.
[2020.10.03-09.45.57:275][  0]LogAudioMixer: Display: 0: FrontLeft
[2020.10.03-09.45.57:275][  0]LogAudioMixer: Display: 1: FrontRight
[2020.10.03-09.45.57:340][  0]LogAudioMixer: Display: Using Audio Device Speakers (Realtek High Definition Audio)
[2020.10.03-09.45.57:340][  0]LogAudioMixer: Display: Initializing Sound Submixes...
[2020.10.03-09.45.57:342][  0]LogAudioMixer: Display: Creating Master Submix 'MasterSubmixDefault'
[2020.10.03-09.45.57:342][  0]LogAudioMixer: Display: Creating Master Submix 'MasterReverbSubmixDefault'
[2020.10.03-09.45.57:343][  0]LogAudioMixer: Display: Creating Master Submix 'MasterEQSubmixDefault'
[2020.10.03-09.45.57:344][  0]LogInit: FAudioDevice initialized.
[2020.10.03-09.45.57:344][  0]LogNetVersion: Set ProjectVersion to 1.0.0.0. Version Checksum will be recalculated on next use.
[2020.10.03-09.45.57:397][  0]LogDerivedDataCache: Saved boot cache 0.05s 76MB C:/Users/raven/AppData/Local/UnrealEngine/4.25/DerivedDataCache/Boot.ddc.
[2020.10.03-09.45.57:397][  0]LogInit: Texture streaming: Enabled
[2020.10.03-09.45.57:418][  0]LogEngineSessionManager: EngineSessionManager initialized
[2020.10.03-09.45.57:418][  0]LogEditorSessionSummary: Verbose: Initializing EditorSessionSummaryWriter for editor session tracking
[2020.10.03-09.45.57:421][  0]LogEditorSessionSummary: EditorSessionSummaryWriter initialized
[2020.10.03-09.45.58:065][  0]LogInit: Transaction tracking system initialized
[2020.10.03-09.45.58:090][  0]BlueprintLog: New page: Editor Load
[2020.10.03-09.45.58:174][  0]LocalizationService: Localization service is disabled
[2020.10.03-09.45.58:289][  0]LogVSAccessor: Display: Unable to create Visual Studio setup instance: 80040154
[2020.10.03-09.45.58:289][  0]LogVSAccessor: Display: Unable to create Visual Studio setup instance: 80040154
[2020.10.03-09.45.58:348][  0]LogCook: Display: Max memory allowance for cook 16384mb min free memory 0mb
[2020.10.03-09.45.58:348][  0]LogCook: Display: Mobile HDR setting 1
[2020.10.03-09.45.58:497][  0]LogFileCache: Scanning file cache for directory 'F:/Unreal Projects/AIEWEEK8/Content/' took 0.00s
[2020.10.03-09.45.58:681][  0]SourceControl: Source control is disabled
[2020.10.03-09.45.58:681][  0]LogUnrealEdMisc: Loading editor; pre map load, took 8.162
[2020.10.03-09.45.58:681][  0]Cmd: MAP LOAD FILE="../../../Engine/Content/Maps/Templates/Template_Default.umap" TEMPLATE=1 SHOWPROGRESS=1 FEATURELEVEL=3
[2020.10.03-09.45.58:681][  0]LightingResults: New page: Lighting Build
[2020.10.03-09.45.58:682][  0]LogWorld: UWorld::CleanupWorld for Untitled, bSessionEnded=true, bCleanupResources=true
[2020.10.03-09.45.58:682][  0]LogSlate: InvalidateAllWidgets triggered.  All widgets were invalidated
[2020.10.03-09.45.58:682][  0]MapCheck: New page: Map Check
[2020.10.03-09.45.58:682][  0]LightingResults: New page: Lighting Build
[2020.10.03-09.45.58:690][  0]LogAISub: UAISubsystem::~UAISubsystem EnvQueryManager (000001874B397C00), frame # 0
[2020.10.03-09.45.58:690][  0]LogAISub: UAISubsystem::~UAISubsystem AIPerceptionSystem (000001874B448A40), frame # 0
[2020.10.03-09.45.58:691][  0]LogUObjectHash: Compacting FUObjectHashTables data took   0.60ms
[2020.10.03-09.45.58:745][  0]LogAIModule: Creating AISystem for world Untitled_1
[2020.10.03-09.45.58:746][  0]LogAISub: UAISubsystem::UAISubsystem EnvQueryManager (000001873A146400), frame # 0
[2020.10.03-09.45.58:746][  0]LogAISub: UAISubsystem::UAISubsystem AIPerceptionSystem (0000018739E41E40), frame # 0
[2020.10.03-09.45.58:748][  0]LogEditorServer: Finished looking for orphan Actors (0.000 secs)
[2020.10.03-09.45.58:757][  0]LogUObjectHash: Compacting FUObjectHashTables data took   0.67ms
[2020.10.03-09.45.58:758][  0]Cmd: MAP CHECKDEP NOCLEARLOG
[2020.10.03-09.45.58:758][  0]MapCheck: Map check complete: 0 Error(s), 0 Warning(s), took 0.09ms to complete.
[2020.10.03-09.45.58:758][  0]LogFileHelpers: Loading map 'Template_Default' took 0.077
[2020.10.03-09.45.58:760][  0]LogUnrealEdMisc: Total Editor Startup Time, took 8.240
[2020.10.03-09.45.58:879][  0]LogSlate: Updating window title bar state: overlay mode, drag disabled, window buttons hidden, title bar hidden
[2020.10.03-09.45.58:884][  0]LogSlate: Updating window title bar state: overlay mode, drag disabled, window buttons hidden, title bar hidden
[2020.10.03-09.45.58:890][  0]LogSlate: Updating window title bar state: overlay mode, drag disabled, window buttons hidden, title bar hidden
[2020.10.03-09.45.58:895][  0]LogSlate: Updating window title bar state: overlay mode, drag disabled, window buttons hidden, title bar hidden
[2020.10.03-09.45.58:903][  0]LogCollectionManager: Loaded 0 collections in 0.001346 seconds
[2020.10.03-09.45.58:915][  0]LogFileCache: Scanning file cache for directory 'F:/Unreal Projects/AIEWEEK8/Saved/Collections/' took 0.00s
[2020.10.03-09.45.58:915][  0]LogFileCache: Scanning file cache for directory 'F:/Unreal Projects/AIEWEEK8/Content/Developers/raven/Collections/' took 0.00s
[2020.10.03-09.45.58:915][  0]LogFileCache: Scanning file cache for directory 'F:/Unreal Projects/AIEWEEK8/Content/Collections/' took 0.00s
[2020.10.03-09.45.58:915][  0]LogContentBrowser: Native class hierarchy populated in 0.0073 seconds. Added 3427 classes and 821 folders.
[2020.10.03-09.45.58:919][  0]LogContentBrowser: Native class hierarchy updated for 'WidgetCarousel' in 0.0002 seconds. Added 0 classes and 0 folders.
[2020.10.03-09.45.58:970][  0]LogContentBrowser: Native class hierarchy updated for 'AddContentDialog' in 0.0002 seconds. Added 0 classes and 0 folders.
[2020.10.03-09.45.58:971][  0]LogContentBrowser: Native class hierarchy updated for 'SceneOutliner' in 0.0002 seconds. Added 2 classes and 0 folders.
[2020.10.03-09.45.59:050][  0]LogSlate: Took 0.000271 seconds to synchronously load lazily loaded font '../../../Engine/Content/Slate/Fonts/Roboto-Regular.ttf' (155K)
[2020.10.03-09.45.59:051][  0]LogSlate: Took 0.000113 seconds to synchronously load lazily loaded font '../../../Engine/Content/Slate/Fonts/Roboto-Bold.ttf' (160K)
[2020.10.03-09.45.59:054][  0]LogSlate: Took 0.000099 seconds to synchronously load lazily loaded font '../../../Engine/Content/Editor/Slate/Fonts/FontAwesome.ttf' (139K)
[2020.10.03-09.45.59:110][  0]LogRenderer: Reallocating scene render targets to support 1160x572 Format 10 NumSamples 1 (Frame:1).
[2020.10.03-09.45.59:181][  0]LogContentBrowser: Native class hierarchy updated for 'HierarchicalLODOutliner' in 0.0002 seconds. Added 0 classes and 0 folders.
[2020.10.03-09.45.59:181][  0]LogLoad: (Engine Initialization) Total time: 8.66 seconds
[2020.10.03-09.45.59:181][  0]LogLoad: (Engine Initialization) Total Blueprint compile time: 0.00 seconds
[2020.10.03-09.45.59:357][  0]LogAssetRegistry: Asset discovery search completed in 5.6071 seconds
[2020.10.03-09.45.59:359][  0]LogCollectionManager: Fixed up redirectors for 0 collections in 0.000002 seconds (updated 0 objects)
[2020.10.03-09.45.59:360][  0]LogContentStreaming: Texture pool size now 1000 MB
[2020.10.03-09.45.59:376][  0]LogSlate: Took 0.000141 seconds to synchronously load lazily loaded font '../../../Engine/Content/Slate/Fonts/Roboto-Light.ttf' (167K)
[2020.10.03-09.46.01:526][245]LogSlate: Took 0.000152 seconds to synchronously load lazily loaded font '../../../Engine/Content/Slate/Fonts/Roboto-Light.ttf' (167K)
[2020.10.03-09.46.01:706][245]LogAssetEditorSubsystem: Opening Asset editor for World /Game/Level1.Level1
[2020.10.03-09.46.01:716][245]LogUObjectHash: Compacting FUObjectHashTables data took   0.75ms
[2020.10.03-09.46.01:720][245]Cmd: MAP LOAD FILE="F:/Unreal Projects/AIEWEEK8/Content/Level1.umap" TEMPLATE=0 SHOWPROGRESS=1 FEATURELEVEL=3
[2020.10.03-09.46.01:720][245]LightingResults: New page: Lighting Build
[2020.10.03-09.46.01:720][245]LoadErrors: New page: Loading map: Level1.umap
[2020.10.03-09.46.01:760][245]LogWorld: UWorld::CleanupWorld for Untitled_1, bSessionEnded=true, bCleanupResources=true
[2020.10.03-09.46.01:761][245]LogSlate: InvalidateAllWidgets triggered.  All widgets were invalidated
[2020.10.03-09.46.01:761][245]MapCheck: New page: Map Check
[2020.10.03-09.46.01:761][245]LightingResults: New page: Lighting Build
[2020.10.03-09.46.01:774][245]LogAISub: UAISubsystem::~UAISubsystem EnvQueryManager (000001873A146400), frame # 245
[2020.10.03-09.46.01:774][245]LogAISub: UAISubsystem::~UAISubsystem AIPerceptionSystem (0000018739E41E40), frame # 245
[2020.10.03-09.46.01:775][245]LogUObjectHash: Compacting FUObjectHashTables data took   0.58ms
[2020.10.03-09.46.01:864][245]LogEditorServer: Finished looking for orphan Actors (0.000 secs)
[2020.10.03-09.46.01:864][245]LogAIModule: Creating AISystem for world Level1
[2020.10.03-09.46.01:864][245]LogAISub: UAISubsystem::UAISubsystem EnvQueryManager (000001876B627A00), frame # 245
[2020.10.03-09.46.01:864][245]LogAISub: UAISubsystem::UAISubsystem AIPerceptionSystem (000001876DF92AC0), frame # 245
[2020.10.03-09.46.01:873][245]LogUObjectHash: Compacting FUObjectHashTables data took   0.54ms
[2020.10.03-09.46.01:887][245]Cmd: MAP CHECKDEP NOCLEARLOG
[2020.10.03-09.46.01:887][245]MapCheck: Map check complete: 0 Error(s), 0 Warning(s), took 0.057ms to complete.
[2020.10.03-09.46.01:887][245]LogFileHelpers: Loading map 'Level1' took 0.167
[2020.10.03-09.46.04:583][548]LogEditorViewport: Clicking on Actor (LMB): BP_My_gamemanager_C (BP_My_gamemanager)
[2020.10.03-09.46.05:673][675]Cmd: DELETE
[2020.10.03-09.46.05:673][675]Cmd: ACTOR DELETE
[2020.10.03-09.46.05:781][675]LogEditorActor: Deleted Actor: BP_My_gamemanager_C
[2020.10.03-09.46.05:794][675]LogUObjectHash: Compacting FUObjectHashTables data took   0.53ms
[2020.10.03-09.46.05:795][675]LogEditorActor: Deleted 1 Actors (0.082 secs)
[2020.10.03-09.46.11:688][360]LogSlate: Prevented a slow task dialog from being summoned while a context menu was open
[2020.10.03-09.46.11:773][360]LogSkeletalMesh: Building Skeletal Mesh SK_Mannequin...
[2020.10.03-09.46.11:864][360]LogSkeletalMesh: Built Skeletal Mesh [0.09s] /Game/__MyContent/Blueprints/Mannequin/Character/Mesh/SK_Mannequin.SK_Mannequin
[2020.10.03-09.46.11:898][360]LogUObjectHash: Compacting FUObjectHashTables data took   0.69ms
[2020.10.03-09.46.14:011][360]LogSlate: Window 'Delete Assets' being destroyed
[2020.10.03-09.46.15:089][360]LogUObjectGlobals: Force Deleting 38 Package(s):
	Asset Name: /Game/__MyContent/Blueprints/BP_My_Funciton_Library.BP_My_Funciton_Library
	Asset Name: /Game/__MyContent/Blueprints/E_My_Game_State.E_My_Game_State
	Asset Name: /Game/__MyContent/Blueprints/BP_My_gamemanager.BP_My_gamemanager
	Asset Name: /Game/__MyContent/UI/Widget_Abandon.Widget_Abandon
	Asset Name: /Game/__MyContent/Blueprints/BP_My_Gamemode_Base.BP_My_Gamemode_Base
	Asset Name: /Game/__MyContent/UI/Widget_Health.Widget_Health
	Asset Name: /Game/__MyContent/UI/Widget_Lose.Widget_Lose
	Asset Name: /Game/__MyContent/UI/Widget_Win.Widget_Win
	Asset Name: /Game/__MyContent/Blueprints/BP_My_Spline_Platform.BP_My_Spline_Platform
	Asset Name: /Game/__MyContent/Blueprints/Mannequin/Animations/ThirdPersonIdle.ThirdPersonIdle
[2020.10.03-09.46.20:811][360]LogUObjectHash: Compacting FUObjectHashTables data took   0.70ms
[2020.10.03-09.46.20:821][360]LogUObjectHash: Compacting FUObjectHashTables data took   0.21ms
[2020.10.03-09.46.20:829][360]LogUObjectHash: Compacting FUObjectHashTables data took   0.21ms
[2020.10.03-09.46.20:838][360]LogUObjectHash: Compacting FUObjectHashTables data took   0.21ms
[2020.10.03-09.46.20:846][360]LogUObjectHash: Compacting FUObjectHashTables data took   0.21ms
[2020.10.03-09.46.20:855][360]LogUObjectHash: Compacting FUObjectHashTables data took   0.21ms
[2020.10.03-09.46.20:863][360]LogUObjectHash: Compacting FUObjectHashTables data took   0.21ms
[2020.10.03-09.46.20:871][360]LogUObjectHash: Compacting FUObjectHashTables data took   0.21ms
[2020.10.03-09.46.20:881][360]LogUObjectHash: Compacting FUObjectHashTables data took   0.21ms
[2020.10.03-09.46.20:890][360]LogUObjectHash: Compacting FUObjectHashTables data took   0.22ms
[2020.10.03-09.46.20:898][360]LogUObjectHash: Compacting FUObjectHashTables data took   0.21ms
[2020.10.03-09.46.20:907][360]LogUObjectHash: Compacting FUObjectHashTables data took   0.21ms
[2020.10.03-09.46.20:915][360]LogUObjectHash: Compacting FUObjectHashTables data took   0.21ms
[2020.10.03-09.46.20:923][360]LogUObjectHash: Compacting FUObjectHashTables data took   0.21ms
[2020.10.03-09.46.20:932][360]LogUObjectHash: Compacting FUObjectHashTables data took   0.21ms
[2020.10.03-09.46.20:941][360]LogUObjectHash: Compacting FUObjectHashTables data took   0.22ms
[2020.10.03-09.46.20:949][360]LogUObjectHash: Compacting FUObjectHashTables data took   0.24ms
[2020.10.03-09.46.20:958][360]LogUObjectHash: Compacting FUObjectHashTables data took   0.21ms
[2020.10.03-09.46.20:966][360]LogUObjectHash: Compacting FUObjectHashTables data took   0.23ms
[2020.10.03-09.46.20:975][360]LogUObjectHash: Compacting FUObjectHashTables data took   0.22ms
[2020.10.03-09.46.20:983][360]LogUObjectHash: Compacting FUObjectHashTables data took   0.21ms
[2020.10.03-09.46.20:992][360]LogUObjectHash: Compacting FUObjectHashTables data took   0.23ms
[2020.10.03-09.46.21:000][360]LogUObjectHash: Compacting FUObjectHashTables data took   0.22ms
[2020.10.03-09.46.21:009][360]LogUObjectHash: Compacting FUObjectHashTables data took   0.21ms
[2020.10.03-09.46.21:016][360]LogUObjectHash: Compacting FUObjectHashTables data took   0.21ms
[2020.10.03-09.46.21:026][360]LogUObjectHash: Compacting FUObjectHashTables data took   0.22ms
[2020.10.03-09.46.21:034][360]LogUObjectHash: Compacting FUObjectHashTables data took   0.21ms
[2020.10.03-09.46.21:043][360]LogUObjectHash: Compacting FUObjectHashTables data took   0.21ms
[2020.10.03-09.46.21:051][360]LogUObjectHash: Compacting FUObjectHashTables data took   0.21ms
[2020.10.03-09.46.21:060][360]LogUObjectHash: Compacting FUObjectHashTables data took   0.23ms
[2020.10.03-09.46.21:069][360]LogUObjectHash: Compacting FUObjectHashTables data took   0.22ms
[2020.10.03-09.46.21:077][360]LogUObjectHash: Compacting FUObjectHashTables data took   0.21ms
[2020.10.03-09.46.21:093][360]LogUObjectHash: Compacting FUObjectHashTables data took   0.21ms
[2020.10.03-09.46.21:102][360]LogUObjectHash: Compacting FUObjectHashTables data took   0.24ms
[2020.10.03-09.46.21:110][360]LogUObjectHash: Compacting FUObjectHashTables data took   0.22ms
[2020.10.03-09.46.21:118][360]LogUObjectHash: Compacting FUObjectHashTables data took   0.21ms
[2020.10.03-09.46.21:126][360]LogUObjectHash: Compacting FUObjectHashTables data took   0.22ms
[2020.10.03-09.46.21:135][360]LogUObjectHash: Compacting FUObjectHashTables data took   0.25ms
[2020.10.03-09.46.21:144][360]LogUObjectHash: Compacting FUObjectHashTables data took   0.56ms
[2020.10.03-09.46.21:153][360]LogUObjectHash: Compacting FUObjectHashTables data took   0.26ms
[2020.10.03-09.46.23:364][574]LogUObjectHash: Compacting FUObjectHashTables data took   0.25ms
[2020.10.03-09.46.24:630][574]Cmd: OBJ SAVEPACKAGE PACKAGE="/Game/Level1" FILE="F:/Unreal Projects/AIEWEEK8/Content/Level1.umap" SILENT=true AUTOSAVING=false KEEPDIRTY=false
[2020.10.03-09.46.24:659][574]LogUObjectHash: Compacting FUObjectHashTables data took   0.21ms
[2020.10.03-09.46.26:145][574]LogSlate: Window 'Message' being destroyed
[2020.10.03-09.46.26:150][574]Message dialog closed, result: Yes, title: Message, text: Can't save F:/Unreal Projects/AIEWEEK8/Content/Level1.umap: Graph is linked to private object(s) in an external package.
External Object(s):
Default__DEADCLASS_BP_My_Funciton_Library_C_0
  
Try to find the chain of references to that object (may take some time)?
[2020.10.03-09.46.26:150][574]LogSavePackage: Warning: 
Referencers of REINST_BP_My_Funciton_Library_C_25 /Engine/Transient.Default__DEADCLASS_BP_My_Funciton_Library_C_0:
[2020.10.03-09.46.26:178][574]LogSavePackage: Warning: 	Function /Game/Level1.Level1_C:ExecuteUbergraph_Level1 (1 refs)
[2020.10.03-09.46.26:178][574]LogSavePackage: Warning: 	K2Node_CallFunction /Game/Level1.Level1:PersistentLevel.Level1.EventGraph.K2Node_CallFunction_0 (1 refs)
[2020.10.03-09.46.26:178][574]LogSavePackage: Warning: 	K2Node_CallFunction /Game/Level1.Level1:PersistentLevel.Level1.EventGraph.K2Node_CallFunction_1 (1 refs)
[2020.10.03-09.46.26:178][574]LogSavePackage: Warning: 	K2Node_CallFunction /Game/Level1.Level1:PersistentLevel.Level1.EventGraph.K2Node_CallFunction_5 (1 refs)
[2020.10.03-09.46.27:541][574]EditorErrors: New page: Save Output
[2020.10.03-09.46.27:541][574]EditorErrors: Warning: Can't save F:/Unreal Projects/AIEWEEK8/Content/Level1.umap: Graph is linked to external private object REINST_BP_My_Funciton_Library_C_25 /Engine/Transient.Default__DEADCLASS_BP_My_Funciton_Library_C_0 (unknown property ref)
[2020.10.03-09.46.27:576][574]LogFileHelpers: Saving map 'Level1' took 2.946
[2020.10.03-09.46.28:976][574]LogSlate: Window 'Message' being destroyed
[2020.10.03-09.46.28:980][574]Message dialog closed, result: Retry, title: Message, text: The asset '/Game/Level1' (Level1.umap) failed to save.

Cancel: Stop saving all assets and return to the editor.
Retry: Attempt to save the asset again.
Continue: Skip saving this asset only.
[2020.10.03-09.46.28:982][574]Cmd: OBJ SAVEPACKAGE PACKAGE="/Game/Level1" FILE="F:/Unreal Projects/AIEWEEK8/Content/Level1.umap" SILENT=true AUTOSAVING=false KEEPDIRTY=false
[2020.10.03-09.46.29:080][574]LogUObjectHash: Compacting FUObjectHashTables data took   0.21ms
[2020.10.03-09.46.34:909][574]LogSlate: Window 'Message' being destroyed
[2020.10.03-09.46.34:914][574]Message dialog closed, result: No, title: Message, text: Can't save F:/Unreal Projects/AIEWEEK8/Content/Level1.umap: Graph is linked to private object(s) in an external package.
External Object(s):
Default__DEADCLASS_BP_My_Funciton_Library_C_0
  
Try to find the chain of references to that object (may take some time)?
[2020.10.03-09.46.35:588][574]EditorErrors: New page: Save Output
[2020.10.03-09.46.35:588][574]EditorErrors: Warning: Can't save F:/Unreal Projects/AIEWEEK8/Content/Level1.umap: Graph is linked to external private object Unknown
[2020.10.03-09.46.35:592][574]LogFileHelpers: Saving map 'Level1' took 6.611
[2020.10.03-09.46.36:965][574]LogSlate: Window 'Message' being destroyed
[2020.10.03-09.46.36:970][574]Message dialog closed, result: Continue, title: Message, text: The asset '/Game/Level1' (Level1.umap) failed to save.

Cancel: Stop saving all assets and return to the editor.
Retry: Attempt to save the asset again.
Continue: Skip saving this asset only.
[2020.10.03-09.46.36:971][574]Cmd: OBJ SAVEPACKAGE PACKAGE="/Game/Level1_BuiltData" FILE="F:/Unreal Projects/AIEWEEK8/Content/Level1_BuiltData.uasset" SILENT=true
[2020.10.03-09.46.36:997][574]LogSavePackage: Moving 'F:/Unreal Projects/AIEWEEK8/Saved/Level1_BuiltDataD250BACF4681F276E15F59AB1552A6C7.tmp' to 'F:/Unreal Projects/AIEWEEK8/Content/Level1_BuiltData.uasset'
[2020.10.03-09.46.37:127][574]Cmd: OBJ SAVEPACKAGE PACKAGE="/Game/ThirdPersonBP/Blueprints/ThirdPersonCharacter" FILE="F:/Unreal Projects/AIEWEEK8/Content/ThirdPersonBP/Blueprints/ThirdPersonCharacter.uasset" SILENT=true
[2020.10.03-09.46.38:805][574]LogWindows: Error: === Critical error: ===
[2020.10.03-09.46.38:805][574]LogWindows: Error: 
[2020.10.03-09.46.38:805][574]LogWindows: Error: Fatal error!
[2020.10.03-09.46.38:805][574]LogWindows: Error: 
[2020.10.03-09.46.38:805][574]LogWindows: Error: Unhandled Exception: EXCEPTION_ACCESS_VIOLATION reading address 0xffffffff
[2020.10.03-09.46.38:805][574]LogWindows: Error: 
[2020.10.03-09.46.38:805][574]LogWindows: Error: [Callstack] 0x00007ffb0cce0db8 UE4Editor-CoreUObject.dll!UnknownFunction []
[2020.10.03-09.46.38:805][574]LogWindows: Error: [Callstack] 0x00007ffb0cdd56d0 UE4Editor-CoreUObject.dll!UnknownFunction []
[2020.10.03-09.46.38:805][574]LogWindows: Error: [Callstack] 0x00007ffb0cdd480a UE4Editor-CoreUObject.dll!UnknownFunction []
[2020.10.03-09.46.38:805][574]LogWindows: Error: [Callstack] 0x00007ffb0cdd3c9e UE4Editor-CoreUObject.dll!UnknownFunction []
[2020.10.03-09.46.38:805][574]LogWindows: Error: [Callstack] 0x00007ffb0cf10bb2 UE4Editor-CoreUObject.dll!UnknownFunction []
[2020.10.03-09.46.38:805][574]LogWindows: Error: [Callstack] 0x00007ffb0cf37eac UE4Editor-CoreUObject.dll!UnknownFunction []
[2020.10.03-09.46.38:805][574]LogWindows: Error: [Callstack] 0x00007ffb0cf19f09 UE4Editor-CoreUObject.dll!UnknownFunction []
[2020.10.03-09.46.38:805][574]LogWindows: Error: [Callstack] 0x00007ffafea84127 UE4Editor-UnrealEd.dll!UnknownFunction []
[2020.10.03-09.46.38:805][574]LogWindows: Error: [Callstack] 0x00007ffafea84bac UE4Editor-UnrealEd.dll!UnknownFunction []
[2020.10.03-09.46.38:805][574]LogWindows: Error: [Callstack] 0x00007ffafeac1fe2 UE4Editor-UnrealEd.dll!UnknownFunction []
[2020.10.03-09.46.38:805][574]LogWindows: Error: [Callstack] 0x00007ffafeabe8fe UE4Editor-UnrealEd.dll!UnknownFunction []
[2020.10.03-09.46.38:805][574]LogWindows: Error: [Callstack] 0x00007ffaff2f8597 UE4Editor-UnrealEd.dll!UnknownFunction []
[2020.10.03-09.46.38:805][574]LogWindows: Error: [Callstack] 0x00007ffafee2aad0 UE4Editor-UnrealEd.dll!UnknownFunction []
[2020.10.03-09.46.38:805][574]LogWindows: Error: [Callstack] 0x00007ffafee293b5 UE4Editor-UnrealEd.dll!UnknownFunction []
[2020.10.03-09.46.38:805][574]LogWindows: Error: [Callstack] 0x00007ffafee3e3c0 UE4Editor-UnrealEd.dll!UnknownFunction []
[2020.10.03-09.46.38:805][574]LogWindows: Error: [Callstack] 0x00007ffafee2b2be UE4Editor-UnrealEd.dll!UnknownFunction []
[2020.10.03-09.46.38:805][574]LogWindows: Error: [Callstack] 0x00007ffafee51830 UE4Editor-UnrealEd.dll!UnknownFunction []
[2020.10.03-09.46.38:805][574]LogWindows: Error: [Callstack] 0x00007ffada3731f9 UE4Editor-MainFrame.dll!UnknownFunction []
[2020.10.03-09.46.38:805][574]LogWindows: Error: [Callstack] 0x00007ffada355787 UE4Editor-MainFrame.dll!UnknownFunction []
[2020.10.03-09.46.38:805][574]LogWindows: Error: [Callstack] 0x00007ffb0c6cf238 UE4Editor-Slate.dll!UnknownFunction []
[2020.10.03-09.46.38:805][574]LogWindows: Error: [Callstack] 0x00007ffb0c7bab51 UE4Editor-Slate.dll!UnknownFunction []
[2020.10.03-09.46.38:805][574]LogWindows: Error: [Callstack] 0x00007ffb0c7c1320 UE4Editor-Slate.dll!UnknownFunction []
[2020.10.03-09.46.38:805][574]LogWindows: Error: [Callstack] 0x00007ffb0c79a937 UE4Editor-Slate.dll!UnknownFunction []
[2020.10.03-09.46.38:805][574]LogWindows: Error: [Callstack] 0x00007ffb0c83207e UE4Editor-Slate.dll!UnknownFunction []
[2020.10.03-09.46.38:806][574]LogWindows: Error: [Callstack] 0x00007ffb0c84b27e UE4Editor-Slate.dll!UnknownFunction []
[2020.10.03-09.46.38:806][574]LogWindows: Error: [Callstack] 0x00007ffb0c7c2a95 UE4Editor-Slate.dll!UnknownFunction []
[2020.10.03-09.46.38:806][574]LogWindows: Error: [Callstack] 0x00007ffb0c692dc8 UE4Editor-Slate.dll!UnknownFunction []
[2020.10.03-09.46.38:806][574]LogWindows: Error: [Callstack] 0x00007ffb0c7169cf UE4Editor-Slate.dll!UnknownFunction []
[2020.10.03-09.46.38:806][574]LogWindows: Error: [Callstack] 0x00007ffb0c6ff4b2 UE4Editor-Slate.dll!UnknownFunction []
[2020.10.03-09.46.38:806][574]LogWindows: Error: [Callstack] 0x00007ffb0c6f2392 UE4Editor-Slate.dll!UnknownFunction []
[2020.10.03-09.46.38:806][574]LogWindows: Error: [Callstack] 0x00007ffb325e7f88 UE4Editor-ApplicationCore.dll!UnknownFunction []
[2020.10.03-09.46.38:806][574]LogWindows: Error: [Callstack] 0x00007ffb325d5c87 UE4Editor-ApplicationCore.dll!UnknownFunction []
[2020.10.03-09.46.38:806][574]LogWindows: Error: [Callstack] 0x00007ffb325ea609 UE4Editor-ApplicationCore.dll!UnknownFunction []
[2020.10.03-09.46.38:806][574]LogWindows: Error: [Callstack] 0x00007ffb325d17d0 UE4Editor-ApplicationCore.dll!UnknownFunction []
[2020.10.03-09.46.38:806][574]LogWindows: Error: [Callstack] 0x00007ffb4fb75c7d USER32.dll!UnknownFunction []
[2020.10.03-09.46.38:806][574]LogWindows: Error: [Callstack] 0x00007ffb4fb75672 USER32.dll!UnknownFunction []
[2020.10.03-09.46.38:806][574]LogWindows: Error: [Callstack] 0x00007ffb325ebb24 UE4Editor-ApplicationCore.dll!UnknownFunction []
[2020.10.03-09.46.38:806][574]LogWindows: Error: [Callstack] 0x00007ff72f9f68c4 UE4Editor.exe!UnknownFunction []
[2020.10.03-09.46.38:806][574]LogWindows: Error: [Callstack] 0x00007ff72fa0ba7c UE4Editor.exe!UnknownFunction []
[2020.10.03-09.46.38:806][574]LogWindows: Error: [Callstack] 0x00007ff72fa0bb5a UE4Editor.exe!UnknownFunction []
[2020.10.03-09.46.38:806][574]LogWindows: Error: [Callstack] 0x00007ff72fa1e31d UE4Editor.exe!UnknownFunction []
[2020.10.03-09.46.38:806][574]LogWindows: Error: [Callstack] 0x00007ff72fa2145a UE4Editor.exe!UnknownFunction []
[2020.10.03-09.46.38:806][574]LogWindows: Error: [Callstack] 0x00007ffb4f5d7bd4 KERNEL32.DLL!UnknownFunction []
[2020.10.03-09.46.38:806][574]LogWindows: Error: [Callstack] 0x00007ffb50bcce51 ntdll.dll!UnknownFunction []
[2020.10.03-09.46.38:806][574]LogWindows: Error: 
[2020.10.03-09.46.38:818][574]LogExit: Executing StaticShutdownAfterError
[2020.10.03-09.46.38:820][574]LogWindows: FPlatformMisc::RequestExit(1)
[2020.10.03-09.46.38:820][574]LogCore: Engine exit requested (reason: Win RequestExit)
[2020.10.03-09.46.38:870][574]Log file closed, 10/03/20 17:46:38
